<?xml version="1.0" encoding="UTF-8"?>
<testsuite name="com.sparta.todoparty.jwt.JwtUtilTest" tests="0" skipped="0" failures="0" errors="0" timestamp="1970-01-01T00:00:00" hostname="iyeonjis-MacBook-Pro.local" time="0.0">
  <properties/>
  <system-out><![CDATA[07:16:55.375 [Test worker] INFO org.springframework.test.context.support.AnnotationConfigContextLoaderUtils -- Could not detect default configuration classes for test class [com.sparta.todoparty.jwt.JwtUtilTest]: JwtUtilTest does not declare any static, non-private, non-final, nested classes annotated with @Configuration.
07:16:55.422 [Test worker] INFO org.springframework.boot.test.context.SpringBootTestContextBootstrapper -- Found @SpringBootConfiguration com.sparta.todoparty.TodoPartyApplication for test class com.sparta.todoparty.jwt.JwtUtilTest
]]></system-out>
  <system-err><![CDATA[]]></system-err>
</testsuite>
