<?xml version="1.0" encoding="UTF-8"?>
<testsuite name="토큰 검증" tests="2" skipped="0" failures="0" errors="0" timestamp="2024-03-14T22:16:57" hostname="iyeonjis-MacBook-Pro.local" time="0.084">
  <properties/>
  <testcase name="토큰 검증 실패 - 유효하지 않은 토큰" classname="com.sparta.todoparty.jwt.JwtUtilTest$validateToken" time="0.04"/>
  <testcase name="토큰 검증 성공" classname="com.sparta.todoparty.jwt.JwtUtilTest$validateToken" time="0.041"/>
  <system-out><![CDATA[07:16:55.468 [Test worker] INFO org.springframework.test.context.support.AnnotationConfigContextLoaderUtils -- Could not detect default configuration classes for test class [com.sparta.todoparty.jwt.JwtUtilTest$validateToken]: validateToken does not declare any static, non-private, non-final, nested classes annotated with @Configuration.
07:16:55.470 [Test worker] INFO org.springframework.boot.test.context.SpringBootTestContextBootstrapper -- Found @SpringBootConfiguration com.sparta.todoparty.TodoPartyApplication for test class com.sparta.todoparty.jwt.JwtUtilTest$validateToken

  .   ____          _            __ _ _
 /\\ / ___'_ __ _ _(_)_ __  __ _ \ \ \ \
( ( )\___ | '_ | '_| | '_ \/ _` | \ \ \ \
 \\/  ___)| |_)| | | | | || (_| |  ) ) ) )
  '  |____| .__|_| |_|_| |_\__, | / / / /
 =========|_|==============|___/=/_/_/_/
 :: Spring Boot ::                (v3.2.3)

2024-03-15T07:16:55.598+09:00  INFO 10986 --- [    Test worker] com.sparta.todoparty.jwt.JwtUtilTest     : Starting JwtUtilTest using Java 17.0.10 with PID 10986 (started by le2yj in /Users/le2yj/Documents/IntelliJ/Spring/todoParty)
2024-03-15T07:16:55.599+09:00  INFO 10986 --- [    Test worker] com.sparta.todoparty.jwt.JwtUtilTest     : The following 1 profile is active: "test"
2024-03-15T07:16:55.911+09:00  INFO 10986 --- [    Test worker] .s.d.r.c.RepositoryConfigurationDelegate : Bootstrapping Spring Data JPA repositories in DEFAULT mode.
2024-03-15T07:16:55.945+09:00  INFO 10986 --- [    Test worker] .s.d.r.c.RepositoryConfigurationDelegate : Finished Spring Data repository scanning in 30 ms. Found 3 JPA repository interfaces.
2024-03-15T07:16:56.180+09:00  INFO 10986 --- [    Test worker] o.hibernate.jpa.internal.util.LogHelper  : HHH000204: Processing PersistenceUnitInfo [name: default]
2024-03-15T07:16:56.208+09:00  INFO 10986 --- [    Test worker] org.hibernate.Version                    : HHH000412: Hibernate ORM core version 6.4.4.Final
2024-03-15T07:16:56.224+09:00  INFO 10986 --- [    Test worker] o.h.c.internal.RegionFactoryInitiator    : HHH000026: Second-level cache disabled
2024-03-15T07:16:56.333+09:00  INFO 10986 --- [    Test worker] o.s.o.j.p.SpringPersistenceUnitInfo      : No LoadTimeWeaver setup: ignoring JPA class transformer
2024-03-15T07:16:56.346+09:00  INFO 10986 --- [    Test worker] com.zaxxer.hikari.HikariDataSource       : HikariPool-1 - Starting...
2024-03-15T07:16:56.435+09:00  INFO 10986 --- [    Test worker] com.zaxxer.hikari.pool.HikariPool        : HikariPool-1 - Added connection conn0: url=jdbc:h2:mem:testdb user=TEST
2024-03-15T07:16:56.435+09:00  INFO 10986 --- [    Test worker] com.zaxxer.hikari.HikariDataSource       : HikariPool-1 - Start completed.
2024-03-15T07:16:56.874+09:00  INFO 10986 --- [    Test worker] o.h.e.t.j.p.i.JtaPlatformInitiator       : HHH000489: No JTA platform available (set 'hibernate.transaction.jta.platform' to enable JTA platform integration)
Hibernate: 
    create table comment (
        id bigint generated by default as identity,
        create_date timestamp(6),
        text varchar(255),
        todo_id bigint,
        user_id bigint,
        primary key (id)
    )
Hibernate: 
    create table todo (
        id bigint generated by default as identity,
        content varchar(255),
        create_date timestamp(6),
        is_completed boolean,
        title varchar(255),
        user_id bigint,
        primary key (id)
    )
Hibernate: 
    create table users (
        id bigint generated by default as identity,
        password varchar(255) not null,
        username varchar(255) not null,
        primary key (id)
    )
Hibernate: 
    alter table if exists comment 
       add constraint FKj60kiatr37jebhtjaju6d5nv2 
       foreign key (todo_id) 
       references todo
Hibernate: 
    alter table if exists comment 
       add constraint FKqm52p1v3o13hy268he0wcngr5 
       foreign key (user_id) 
       references users
Hibernate: 
    alter table if exists todo 
       add constraint FKdcopxq1yu1u8ijb7rjexhsr6v 
       foreign key (user_id) 
       references users
2024-03-15T07:16:56.905+09:00  INFO 10986 --- [    Test worker] j.LocalContainerEntityManagerFactoryBean : Initialized JPA EntityManagerFactory for persistence unit 'default'
2024-03-15T07:16:57.152+09:00  WARN 10986 --- [    Test worker] JpaBaseConfiguration$JpaWebConfiguration : spring.jpa.open-in-view is enabled by default. Therefore, database queries may be performed during view rendering. Explicitly configure spring.jpa.open-in-view to disable this warning
2024-03-15T07:16:57.284+09:00  INFO 10986 --- [    Test worker] o.s.s.web.DefaultSecurityFilterChain     : Will secure any request with [org.springframework.security.web.session.DisableEncodeUrlFilter@76055d02, org.springframework.security.web.context.request.async.WebAsyncManagerIntegrationFilter@31c800a5, org.springframework.security.web.context.SecurityContextHolderFilter@5825932c, org.springframework.security.web.header.HeaderWriterFilter@2e7dd504, org.springframework.web.filter.CorsFilter@130ad58d, org.springframework.security.web.authentication.logout.LogoutFilter@24ccc91b, com.sparta.todoparty.jwt.JwtAuthorizationFilter@7d31fb6c, org.springframework.security.web.savedrequest.RequestCacheAwareFilter@321c01c2, org.springframework.security.web.servletapi.SecurityContextHolderAwareRequestFilter@d5eca06, org.springframework.security.web.authentication.AnonymousAuthenticationFilter@648bfebe, org.springframework.security.web.session.SessionManagementFilter@45775a15, org.springframework.security.web.access.ExceptionTranslationFilter@2c989d82, org.springframework.security.web.access.intercept.AuthorizationFilter@7ec729be]
2024-03-15T07:16:57.411+09:00  INFO 10986 --- [    Test worker] o.s.b.a.h2.H2ConsoleAutoConfiguration    : H2 console available at '/h2-console'. Database available at 'jdbc:h2:mem:testdb'
2024-03-15T07:16:57.442+09:00  INFO 10986 --- [    Test worker] com.sparta.todoparty.jwt.JwtUtilTest     : Started JwtUtilTest in 1.948 seconds (process running for 2.469)
2024-03-15T07:16:57.875+09:00 ERROR 10986 --- [    Test worker] com.sparta.todoparty.jwt.JwtUtil         : Invalid JWT signature, 유효하지 않는 JWT 서명 입니다.
]]></system-out>
  <system-err><![CDATA[]]></system-err>
</testsuite>
